<?xml version="1.0" encoding="UTF-8"?>
<!-- Generated by org.testng.reporters.JUnitReportReporter -->
<testsuite ignored="0" hostname="SivaRajeshValluri" failures="0" tests="2" name="org.phptravel.usingtestng.Signuppage" time="7.917" errors="0" timestamp="07 Aug 2021 16:46:08 GMT" skipped="0">
  <testcase classname="org.phptravel.usingtestng.Signuppage" name="fill_signup_page" time="3.340"/>
  <testcase classname="org.phptravel.usingtestng.Signuppage" name="openurl" time="4.577"/>
</testsuite> <!-- org.phptravel.usingtestng.Signuppage -->
