<?xml version="1.0" encoding="UTF-8"?>
<!-- Generated by org.testng.reporters.JUnitReportReporter -->
<testsuite ignored="0" hostname="SivaRajeshValluri" failures="0" tests="2" name="org.phptravel.usingtestng.Openingurl" time="9.439" errors="0" timestamp="01 Aug 2021 15:21:23 GMT" skipped="0">
  <testcase classname="org.phptravel.usingtestng.Openingurl" name="openurl" time="6.580"/>
  <testcase classname="org.phptravel.usingtestng.Openingurl" name="clicksignup" time="2.859"/>
</testsuite> <!-- org.phptravel.usingtestng.Openingurl -->
